<?xml version="1.0" encoding="UTF-8" ?>
<testsuites>
  <testsuite errors="0" failures="0" hostname="unweight.local" id="0" name="CoinTossPersistenceTests" package="grailsmodelspart1" tests="2" time="0.531" timestamp="2012-08-15T00:29:35">
      <properties />

      <testcase classname="grailsmodelspart1.CoinTossPersistenceTests" name="we_can_crud_coin_tosses" time="0.49" />

      <testcase classname="grailsmodelspart1.CoinTossPersistenceTests" name="we_can_run_the_heads_or_tails_report" time="0.028" />

      <system-out><![CDATA[--Output from we_can_crud_coin_tosses--
--Output from we_can_run_the_heads_or_tails_report--
]]></system-out>

      <system-err><![CDATA[--Output from we_can_crud_coin_tosses--
--Output from we_can_run_the_heads_or_tails_report--
]]></system-err>

  </testsuite>
</testsuites>
